Build started 4-6-2015 20:52:55.
     1>Project "C:\Users\Martin\Downloads\TP2Win\Exercise 3 (Introduction GLUT)\TP2\TP2.vcxproj" on node 2 (Build target(s)).
     1>ClCompile:
         C:\Program Files (x86)\Microsoft Visual Studio 12.0\VC\bin\CL.exe /c /I"C:\Users\Martin\Downloads\TP2Win\Exercise 3 (Introduction GLUT)\TP2\include\\" /ZI /nologo /W3 /WX- /sdl /Od /Oy- /D _MBCS /Gm /EHsc /RTC1 /MDd /GS /fp:precise /Zc:wchar_t /Zc:forScope /Fo"Debug\\" /Fd"Debug\vc120.pdb" /Gd /TP /analyze- /errorReport:prompt ..\..\..\RaytracingProject\main.cpp ..\..\..\RaytracingProject\mesh.cpp
         mesh.cpp
     1>c:\users\martin\downloads\raytracingproject\mesh.cpp(150): error C4996: 'fopen': This function or variable may be unsafe. Consider using fopen_s instead. To disable deprecation, use _CRT_SECURE_NO_WARNINGS. See online help for details.
                 c:\program files (x86)\microsoft visual studio 12.0\vc\include\stdio.h(211) : see declaration of 'fopen'
     1>c:\users\martin\downloads\raytracingproject\mesh.cpp(165): warning C4018: '<' : signed/unsigned mismatch
         main.cpp
     1>c:\users\martin\downloads\raytracingproject\traqueboule.h(25): warning C4305: 'initializing' : truncation from 'double' to 'const float'
     1>c:\users\martin\downloads\raytracingproject\traqueboule.h(129): warning C4244: 'argument' : conversion from 'double' to 'GLfloat', possible loss of data
     1>c:\users\martin\downloads\raytracingproject\traqueboule.h(152): warning C4244: 'argument' : conversion from 'double' to 'GLfloat', possible loss of data
     1>c:\users\martin\downloads\raytracingproject\traqueboule.h(184): warning C4244: 'argument' : conversion from 'double' to 'GLfloat', possible loss of data
     1>c:\users\martin\downloads\raytracingproject\traqueboule.h(220): warning C4244: '=' : conversion from 'GLdouble' to 'float', possible loss of data
     1>c:\users\martin\downloads\raytracingproject\traqueboule.h(221): warning C4244: '=' : conversion from 'GLdouble' to 'float', possible loss of data
     1>c:\users\martin\downloads\raytracingproject\traqueboule.h(222): warning C4244: '=' : conversion from 'GLdouble' to 'float', possible loss of data
     1>c:\users\martin\downloads\raytracingproject\traqueboule.h(240): warning C4244: 'argument' : conversion from 'double' to 'float', possible loss of data
     1>c:\users\martin\downloads\raytracingproject\imagewriter.h(100): error C4996: 'fopen': This function or variable may be unsafe. Consider using fopen_s instead. To disable deprecation, use _CRT_SECURE_NO_WARNINGS. See online help for details.
                 c:\program files (x86)\microsoft visual studio 12.0\vc\include\stdio.h(211) : see declaration of 'fopen'
         Generating Code...
     1>Done Building Project "C:\Users\Martin\Downloads\TP2Win\Exercise 3 (Introduction GLUT)\TP2\TP2.vcxproj" (Build target(s)) -- FAILED.

Build FAILED.

Time Elapsed 00:00:01.07
