<<<<<<< HEAD
﻿Build started 24-6-2015 12:53:28.
     1>Project "C:\Users\Jasper\Downloads\TP2Win\Exercise 3 (Introduction GLUT)\TP2\Project\TP2.vcxproj" on node 2 (Build target(s)).
     1>ClCompile:
         C:\Program Files (x86)\MSvs\VC\bin\CL.exe /c /I"C:\Users\Jasper\Downloads\TP2Win\Exercise 3 (Introduction GLUT)\TP2\Project\include\\" /ZI /nologo /W3 /WX- /sdl /Od /Oy- /D _MBCS /Gm /EHsc /RTC1 /MDd /GS /fp:precise /Zc:wchar_t /Zc:forScope /Fo"Debug\\" /Fd"Debug\vc120.pdb" /Gd /TP /analyze- /errorReport:prompt ..\raytracing.cpp
         raytracing.cpp
     1>c:\users\jasper\downloads\tp2win\exercise 3 (introduction glut)\tp2\raytracing.cpp(58): warning C4305: 'argument' : truncation from 'double' to 'float'
     1>c:\users\jasper\downloads\tp2win\exercise 3 (introduction glut)\tp2\raytracing.cpp(66): warning C4305: 'argument' : truncation from 'double' to 'float'
     1>c:\users\jasper\downloads\tp2win\exercise 3 (introduction glut)\tp2\raytracing.cpp(73): warning C4305: 'argument' : truncation from 'double' to 'float'
     1>c:\users\jasper\downloads\tp2win\exercise 3 (introduction glut)\tp2\raytracing.cpp(206): warning C4244: '=' : conversion from 'double' to 'float', possible loss of data
     1>c:\users\jasper\downloads\tp2win\exercise 3 (introduction glut)\tp2\raytracing.cpp(210): warning C4244: 'initializing' : conversion from 'double' to 'float', possible loss of data
     1>c:\users\jasper\downloads\tp2win\exercise 3 (introduction glut)\tp2\raytracing.cpp(354): warning C4244: 'argument' : conversion from 'int' to 'float', possible loss of data
     1>c:\users\jasper\downloads\tp2win\exercise 3 (introduction glut)\tp2\raytracing.cpp(355): warning C4244: 'argument' : conversion from 'double' to 'float', possible loss of data
     1>c:\users\jasper\downloads\tp2win\exercise 3 (introduction glut)\tp2\raytracing.cpp(381): warning C4244: '=' : conversion from 'double' to 'float', possible loss of data
     1>c:\users\jasper\downloads\tp2win\exercise 3 (introduction glut)\tp2\raytracing.cpp(455): warning C4305: 'argument' : truncation from 'double' to 'float'
     1>c:\users\jasper\downloads\tp2win\exercise 3 (introduction glut)\tp2\raytracing.cpp(487): warning C4554: '&' : check operator precedence for possible error; use parentheses to clarify precedence
     1>c:\users\jasper\downloads\tp2win\exercise 3 (introduction glut)\tp2\raytracing.cpp(517): warning C4018: '<' : signed/unsigned mismatch
     1>c:\users\jasper\downloads\tp2win\exercise 3 (introduction glut)\tp2\raytracing.cpp(519): warning C4018: '<' : signed/unsigned mismatch
     1>c:\users\jasper\downloads\tp2win\exercise 3 (introduction glut)\tp2\raytracing.cpp(544): warning C4018: '<' : signed/unsigned mismatch
       Link:
         C:\Program Files (x86)\MSvs\VC\bin\link.exe /ERRORREPORT:PROMPT /OUT:"C:\Users\Jasper\Downloads\TP2Win\Exercise 3 (Introduction GLUT)\TP2\Project\Debug\TP2.exe" /INCREMENTAL /NOLOGO freeglut.lib glew32.lib kernel32.lib user32.lib gdi32.lib winspool.lib comdlg32.lib advapi32.lib shell32.lib ole32.lib oleaut32.lib uuid.lib odbc32.lib odbccp32.lib /MANIFEST /MANIFESTUAC:"level='asInvoker' uiAccess='false'" /manifest:embed /DEBUG /PDB:"C:\Users\Jasper\Downloads\TP2Win\Exercise 3 (Introduction GLUT)\TP2\Project\Debug\TP2.pdb" /TLBID:1 /DYNAMICBASE /NXCOMPAT /IMPLIB:"C:\Users\Jasper\Downloads\TP2Win\Exercise 3 (Introduction GLUT)\TP2\Project\Debug\TP2.lib" /MACHINE:X86 Debug\main.obj
         Debug\mesh.obj
         Debug\raytracing.obj
         TP2.vcxproj -> C:\Users\Jasper\Downloads\TP2Win\Exercise 3 (Introduction GLUT)\TP2\Project\Debug\TP2.exe
     1>Done Building Project "C:\Users\Jasper\Downloads\TP2Win\Exercise 3 (Introduction GLUT)\TP2\Project\TP2.vcxproj" (Build target(s)).

Build succeeded.

Time Elapsed 00:00:01.48
=======
﻿Build started 24-6-2015 14:16:46.
     1>Project "C:\Users\Denver\Documents\CG-Group-40\Project\TP2.vcxproj" on node 2 (Build target(s)).
     1>ClCompile:
         C:\Program Files (x86)\Microsoft Visual Studio 12.0\VC\bin\CL.exe /c /I"C:\Users\Denver\Documents\CG-Group-40\Project\include\\" /ZI /nologo /W3 /WX- /sdl /Od /Oy- /D _MBCS /Gm /EHsc /RTC1 /MDd /GS /fp:precise /Zc:wchar_t /Zc:forScope /Fo"Debug\\" /Fd"Debug\vc120.pdb" /Gd /TP /analyze- /errorReport:prompt ..\raytracing.cpp
         raytracing.cpp
     1>c:\users\denver\documents\cg-group-40\raytracing.cpp(46): warning C4244: 'argument' : conversion from 'double' to 'float', possible loss of data
     1>c:\users\denver\documents\cg-group-40\raytracing.cpp(245): warning C4244: '=' : conversion from 'double' to 'float', possible loss of data
     1>c:\users\denver\documents\cg-group-40\raytracing.cpp(310): warning C4305: 'argument' : truncation from 'double' to 'float'
     1>c:\users\denver\documents\cg-group-40\raytracing.cpp(342): warning C4554: '&' : check operator precedence for possible error; use parentheses to clarify precedence
     1>c:\users\denver\documents\cg-group-40\raytracing.cpp(350): warning C4554: '&' : check operator precedence for possible error; use parentheses to clarify precedence
     1>c:\users\denver\documents\cg-group-40\raytracing.cpp(356): warning C4305: '=' : truncation from 'double' to 'float'
     1>c:\users\denver\documents\cg-group-40\raytracing.cpp(357): warning C4305: '=' : truncation from 'double' to 'float'
     1>c:\users\denver\documents\cg-group-40\raytracing.cpp(363): warning C4305: '=' : truncation from 'double' to 'float'
     1>c:\users\denver\documents\cg-group-40\raytracing.cpp(365): warning C4305: '=' : truncation from 'double' to 'float'
     1>c:\users\denver\documents\cg-group-40\raytracing.cpp(370): warning C4305: 'argument' : truncation from 'double' to 'float'
     1>c:\users\denver\documents\cg-group-40\raytracing.cpp(396): warning C4018: '<' : signed/unsigned mismatch
     1>c:\users\denver\documents\cg-group-40\raytracing.cpp(398): warning C4018: '<' : signed/unsigned mismatch
       Link:
         C:\Program Files (x86)\Microsoft Visual Studio 12.0\VC\bin\link.exe /ERRORREPORT:PROMPT /OUT:"C:\Users\Denver\Documents\CG-Group-40\Project\Debug\TP2.exe" /INCREMENTAL /NOLOGO freeglut.lib glew32.lib kernel32.lib user32.lib gdi32.lib winspool.lib comdlg32.lib advapi32.lib shell32.lib ole32.lib oleaut32.lib uuid.lib odbc32.lib odbccp32.lib /MANIFEST /MANIFESTUAC:"level='asInvoker' uiAccess='false'" /manifest:embed /DEBUG /PDB:"C:\Users\Denver\Documents\CG-Group-40\Project\Debug\TP2.pdb" /TLBID:1 /DYNAMICBASE /NXCOMPAT /IMPLIB:"C:\Users\Denver\Documents\CG-Group-40\Project\Debug\TP2.lib" /MACHINE:X86 Debug\main.obj
         Debug\mesh.obj
         Debug\raytracing.obj
         TP2.vcxproj -> C:\Users\Denver\Documents\CG-Group-40\Project\Debug\TP2.exe
     1>Done Building Project "C:\Users\Denver\Documents\CG-Group-40\Project\TP2.vcxproj" (Build target(s)).

Build succeeded.

Time Elapsed 00:00:01.06
>>>>>>> refraction
